mode: set
blackjack/main.go:15.13,22.6 4 0
blackjack/main.go:22.6,29.35 4 0
blackjack/main.go:29.35,31.4 1 0
blackjack/main.go:33.3,34.38 2 0
blackjack/main.go:34.38,35.9 1 0
blackjack/main.go:38.3,38.40 1 0
blackjack/main.go:42.2,45.52 4 0
blackjack/main.go:45.52,47.3 1 0
blackjack/main.go:48.2,53.6 4 0
blackjack/main.go:53.6,55.21 2 0
blackjack/main.go:55.21,56.9 1 0
blackjack/main.go:59.3,62.47 4 0
blackjack/main.go:62.47,64.4 1 0
blackjack/main.go:65.3,67.35 3 0
blackjack/main.go:70.2,73.6 2 0
blackjack/main.go:73.6,75.21 2 0
blackjack/main.go:75.21,76.9 1 0
blackjack/main.go:79.3,81.72 2 0
blackjack/main.go:81.72,85.81 3 0
blackjack/main.go:85.81,90.5 3 0
blackjack/main.go:91.4,91.42 1 0
blackjack/main.go:91.42,97.49 5 0
blackjack/main.go:97.49,99.6 1 0
blackjack/main.go:100.5,102.37 3 0
blackjack/main.go:107.2,115.52 6 0
blackjack/main.go:115.52,117.3 1 0
blackjack/main.go:118.2,122.6 4 0
blackjack/main.go:122.6,124.21 2 0
blackjack/main.go:124.21,125.9 1 0
blackjack/main.go:128.3,131.47 4 0
blackjack/main.go:131.47,133.4 1 0
blackjack/main.go:134.3,136.35 3 0
blackjack/main.go:139.2,145.6 5 0
blackjack/main.go:145.6,147.21 2 0
blackjack/main.go:147.21,148.9 1 0
blackjack/main.go:150.3,150.113 1 0
blackjack/main.go:152.2,152.17 1 0
blackjack/main.go:155.32,157.16 2 0
blackjack/main.go:157.16,159.3 1 0
blackjack/main.go:161.2,161.12 1 0
blackjack/main.go:164.24,168.2 2 0
blackjack/main.go:170.45,173.54 3 0
blackjack/main.go:173.54,175.3 1 0
blackjack/main.go:176.2,176.29 1 0
blackjack/main.go:176.29,178.3 1 0
blackjack/main.go:179.2,179.23 1 0
blackjack/main.go:179.23,181.3 1 0
blackjack/main.go:183.2,183.14 1 0
blackjack/blackjack/blackjack.go:43.62,44.60 1 1
blackjack/blackjack/blackjack.go:44.60,46.3 1 1
blackjack/blackjack/blackjack.go:48.2,56.18 3 1
blackjack/blackjack/blackjack.go:59.32,61.27 2 1
blackjack/blackjack/blackjack.go:61.27,65.3 2 1
blackjack/blackjack/blackjack.go:67.2,69.23 2 1
blackjack/blackjack/blackjack.go:72.35,74.2 1 1
blackjack/blackjack/blackjack.go:76.25,79.6 2 1
blackjack/blackjack/blackjack.go:79.6,81.21 2 1
blackjack/blackjack/blackjack.go:81.21,82.9 1 1
blackjack/blackjack/blackjack.go:85.3,85.49 1 1
blackjack/blackjack/blackjack.go:89.31,91.2 1 1
blackjack/blackjack/blackjack.go:93.24,94.25 1 1
blackjack/blackjack/blackjack.go:94.25,95.7 1 1
blackjack/blackjack/blackjack.go:95.7,97.22 2 1
blackjack/blackjack/blackjack.go:97.22,98.10 1 1
blackjack/blackjack/blackjack.go:100.4,100.23 1 1
blackjack/blackjack/blackjack.go:104.3,104.13 1 1
blackjack/blackjack/blackjack.go:104.13,106.4 1 1
blackjack/blackjack/blackjack.go:110.37,111.53 1 1
blackjack/blackjack/blackjack.go:111.53,113.3 1 1
blackjack/chute/chute.go:15.30,19.32 3 1
blackjack/chute/chute.go:19.32,20.36 1 1
blackjack/chute/chute.go:20.36,23.4 2 1
blackjack/chute/chute.go:26.2,28.3 1 1
blackjack/chute/chute.go:31.46,33.38 2 1
blackjack/chute/chute.go:33.38,33.65 1 1
blackjack/chute/chute.go:35.2,36.30 2 1
blackjack/chute/chute.go:36.30,38.3 1 1
blackjack/chute/chute.go:40.2,40.11 1 1
blackjack/chute/chute.go:43.34,44.9 1 1
blackjack/chute/chute.go:45.25,46.14 1 1
blackjack/chute/chute.go:47.10,48.13 1 1
blackjack/dealer/dealer.go:11.19,15.2 1 1
blackjack/dealer/dealer.go:17.35,19.2 1 1
blackjack/dealer/dealer.go:21.31,23.2 1 1
blackjack/dealer/dealer.go:25.33,26.21 1 1
blackjack/dealer/dealer.go:26.21,28.3 1 1
blackjack/dealer/dealer.go:30.2,30.27 1 1
blackjack/dealer/dealer.go:30.27,32.3 1 1
blackjack/dealer/dealer.go:34.2,34.17 1 1
blackjack/hand/hand.go:35.18,37.2 1 1
blackjack/hand/hand.go:39.39,41.2 1 1
blackjack/hand/hand.go:43.32,45.2 1 1
blackjack/hand/hand.go:47.29,49.2 1 1
blackjack/hand/hand.go:51.35,53.2 1 1
blackjack/hand/hand.go:55.41,59.2 2 1
blackjack/hand/hand.go:61.33,63.2 1 1
blackjack/hand/hand.go:65.33,67.2 1 1
blackjack/hand/hand.go:69.27,71.2 1 1
blackjack/hand/hand.go:73.45,77.16 1 1
blackjack/hand/hand.go:77.16,79.3 1 1
blackjack/hand/hand.go:82.2,82.31 1 1
blackjack/hand/hand.go:82.31,83.23 1 1
blackjack/hand/hand.go:83.23,85.4 1 1
blackjack/hand/hand.go:87.3,87.9 1 1
blackjack/hand/hand.go:91.2,91.22 1 1
blackjack/hand/hand.go:91.22,95.3 2 1
blackjack/hand/hand.go:98.2,98.25 1 1
blackjack/hand/hand.go:98.25,99.18 1 1
blackjack/hand/hand.go:99.18,101.4 1 1
blackjack/hand/hand.go:103.3,103.9 1 1
blackjack/hand/hand.go:107.2,110.25 2 1
blackjack/hand/hand.go:110.25,114.3 2 1
blackjack/hand/hand.go:117.2,117.26 1 1
blackjack/hand/hand.go:117.26,119.3 1 1
blackjack/hand/hand.go:124.35,126.2 1 1
blackjack/hand/hand.go:128.28,131.36 2 1
blackjack/hand/hand.go:131.36,137.49 4 1
blackjack/hand/hand.go:137.49,139.4 1 1
blackjack/hand/hand.go:142.2,142.28 1 1
blackjack/hand/hand.go:142.28,144.3 1 1
blackjack/hand/hand.go:146.2,146.29 1 1
blackjack/hand/hand.go:146.29,150.3 2 1
blackjack/hand/hand.go:152.2,152.38 1 1
blackjack/hand/hand.go:152.38,156.3 2 1
blackjack/hand/hand.go:159.33,161.2 1 1
blackjack/player/player.go:12.31,17.2 1 1
blackjack/player/player.go:19.35,21.2 1 1
blackjack/player/player.go:23.31,25.2 1 1
blackjack/deck/card.go:8.37,13.2 1 1
blackjack/deck/card.go:15.32,17.2 1 1
blackjack/deck/card.go:19.32,21.2 1 1
blackjack/deck/card.go:23.30,24.27 1 1
blackjack/deck/card.go:24.27,26.10 2 1
blackjack/deck/card.go:27.17,28.13 1 1
blackjack/deck/card.go:31.3,31.13 1 1
blackjack/deck/deck.go:7.13,10.25 2 1
blackjack/deck/deck.go:10.25,11.27 1 1
blackjack/deck/deck.go:11.27,14.4 2 1
blackjack/deck/deck.go:18.18,20.2 1 1
blackjack/deck/rank.go:22.31,24.2 1 1
blackjack/deck/suit.go:13.31,15.2 1 1
